[17-12-2023 14:37:48] DEBUG environ 4514444800 - get 'SECRET_KEY' casted as 'None' with default '<NoValue>'
[17-12-2023 14:37:48] DEBUG environ 4514444800 - get 'SECRET_KEY' casted as 'None' with default '<NoValue>'
[17-12-2023 14:37:48] DEBUG environ 4514444800 - get 'SECRET_KEY' casted as 'None' with default '<NoValue>'
[17-12-2023 14:38:52] DEBUG environ 4571776512 - get 'SECRET_KEY' casted as 'None' with default '<NoValue>'
[17-12-2023 14:38:52] DEBUG environ 4571776512 - get 'DATABASE_NAME' casted as 'None' with default '<NoValue>'
[17-12-2023 14:38:52] DEBUG environ 4571776512 - get 'DATABASE_USER' casted as 'None' with default '<NoValue>'
[17-12-2023 14:38:52] DEBUG environ 4571776512 - get 'DATABASE_PASSWORD' casted as 'None' with default '<NoValue>'
[17-12-2023 14:38:52] DEBUG environ 4571776512 - get 'DATABASE_HOST' casted as 'None' with default '<NoValue>'
[17-12-2023 14:38:52] DEBUG environ 4571776512 - get 'DATABASE_PORT' casted as 'None' with default '<NoValue>'
[17-12-2023 14:38:52] DEBUG environ 4571776512 - get 'SECRET_KEY' casted as 'None' with default '<NoValue>'
[17-12-2023 14:38:52] DEBUG environ 4571776512 - get 'CELERY_BROKER_URL' casted as 'None' with default '<NoValue>'
[17-12-2023 14:38:52] DEBUG environ 4571776512 - get 'SECRET_KEY' casted as 'None' with default '<NoValue>'
[17-12-2023 14:38:52] DEBUG environ 4571776512 - get 'DATABASE_NAME' casted as 'None' with default '<NoValue>'
[17-12-2023 14:38:52] DEBUG environ 4571776512 - get 'DATABASE_USER' casted as 'None' with default '<NoValue>'
[17-12-2023 14:38:52] DEBUG environ 4571776512 - get 'DATABASE_PASSWORD' casted as 'None' with default '<NoValue>'
[17-12-2023 14:38:52] DEBUG environ 4571776512 - get 'DATABASE_HOST' casted as 'None' with default '<NoValue>'
[17-12-2023 14:38:52] DEBUG environ 4571776512 - get 'DATABASE_PORT' casted as 'None' with default '<NoValue>'
[17-12-2023 14:38:52] DEBUG environ 4571776512 - get 'SECRET_KEY' casted as 'None' with default '<NoValue>'
[17-12-2023 14:38:52] DEBUG environ 4571776512 - get 'CELERY_BROKER_URL' casted as 'None' with default '<NoValue>'
[17-12-2023 14:38:52] DEBUG environ 4571776512 - get 'SECRET_KEY' casted as 'None' with default '<NoValue>'
[17-12-2023 14:38:52] DEBUG environ 4571776512 - get 'DATABASE_NAME' casted as 'None' with default '<NoValue>'
[17-12-2023 14:38:52] DEBUG environ 4571776512 - get 'DATABASE_USER' casted as 'None' with default '<NoValue>'
[17-12-2023 14:38:52] DEBUG environ 4571776512 - get 'DATABASE_PASSWORD' casted as 'None' with default '<NoValue>'
[17-12-2023 14:38:52] DEBUG environ 4571776512 - get 'DATABASE_HOST' casted as 'None' with default '<NoValue>'
[17-12-2023 14:38:52] DEBUG environ 4571776512 - get 'DATABASE_PORT' casted as 'None' with default '<NoValue>'
[17-12-2023 14:38:52] DEBUG environ 4571776512 - get 'SECRET_KEY' casted as 'None' with default '<NoValue>'
[17-12-2023 14:38:52] DEBUG environ 4571776512 - get 'CELERY_BROKER_URL' casted as 'None' with default '<NoValue>'
[17-12-2023 14:45:18] DEBUG environ 4698678784 - get 'SECRET_KEY' casted as 'None' with default '<NoValue>'
[17-12-2023 14:45:18] DEBUG environ 4698678784 - get 'DATABASE_NAME' casted as 'None' with default '<NoValue>'
[17-12-2023 14:45:18] DEBUG environ 4698678784 - get 'DATABASE_USER' casted as 'None' with default '<NoValue>'
[17-12-2023 14:45:18] DEBUG environ 4698678784 - get 'DATABASE_PASSWORD' casted as 'None' with default '<NoValue>'
[17-12-2023 14:45:18] DEBUG environ 4698678784 - get 'DATABASE_HOST' casted as 'None' with default '<NoValue>'
[17-12-2023 14:45:18] DEBUG environ 4698678784 - get 'DATABASE_PORT' casted as 'None' with default '<NoValue>'
[17-12-2023 14:45:18] DEBUG environ 4698678784 - get 'SECRET_KEY' casted as 'None' with default '<NoValue>'
[17-12-2023 14:45:18] DEBUG environ 4698678784 - get 'CELERY_BROKER_URL' casted as 'None' with default '<NoValue>'
[17-12-2023 14:50:00] DEBUG environ 4399658496 - get 'SECRET_KEY' casted as 'None' with default '<NoValue>'
[17-12-2023 14:50:00] DEBUG environ 4399658496 - get 'DATABASE_NAME' casted as 'None' with default '<NoValue>'
[17-12-2023 14:50:00] DEBUG environ 4399658496 - get 'DATABASE_USER' casted as 'None' with default '<NoValue>'
[17-12-2023 14:50:00] DEBUG environ 4399658496 - get 'DATABASE_PASSWORD' casted as 'None' with default '<NoValue>'
[17-12-2023 14:50:00] DEBUG environ 4399658496 - get 'DATABASE_HOST' casted as 'None' with default '<NoValue>'
[17-12-2023 14:50:00] DEBUG environ 4399658496 - get 'DATABASE_PORT' casted as 'None' with default '<NoValue>'
[17-12-2023 14:50:00] DEBUG environ 4399658496 - get 'SECRET_KEY' casted as 'None' with default '<NoValue>'
[17-12-2023 14:50:00] DEBUG environ 4399658496 - get 'CELERY_BROKER_URL' casted as 'None' with default '<NoValue>'
[17-12-2023 14:50:27] DEBUG environ 4548408832 - get 'SECRET_KEY' casted as 'None' with default '<NoValue>'
[17-12-2023 14:50:27] DEBUG environ 4548408832 - get 'DATABASE_NAME' casted as 'None' with default '<NoValue>'
[17-12-2023 14:50:27] DEBUG environ 4548408832 - get 'DATABASE_USER' casted as 'None' with default '<NoValue>'
[17-12-2023 14:50:27] DEBUG environ 4548408832 - get 'DATABASE_PASSWORD' casted as 'None' with default '<NoValue>'
[17-12-2023 14:50:27] DEBUG environ 4548408832 - get 'DATABASE_HOST' casted as 'None' with default '<NoValue>'
[17-12-2023 14:50:27] DEBUG environ 4548408832 - get 'DATABASE_PORT' casted as 'None' with default '<NoValue>'
[17-12-2023 14:50:27] DEBUG environ 4548408832 - get 'SECRET_KEY' casted as 'None' with default '<NoValue>'
[17-12-2023 14:50:27] DEBUG environ 4548408832 - get 'CELERY_BROKER_URL' casted as 'None' with default '<NoValue>'
[17-12-2023 14:50:52] DEBUG environ 4461045248 - get 'SECRET_KEY' casted as 'None' with default '<NoValue>'
[17-12-2023 14:50:52] DEBUG environ 4461045248 - get 'DATABASE_NAME' casted as 'None' with default '<NoValue>'
[17-12-2023 14:50:52] DEBUG environ 4461045248 - get 'DATABASE_USER' casted as 'None' with default '<NoValue>'
[17-12-2023 14:50:52] DEBUG environ 4461045248 - get 'DATABASE_PASSWORD' casted as 'None' with default '<NoValue>'
[17-12-2023 14:50:52] DEBUG environ 4461045248 - get 'DATABASE_HOST' casted as 'None' with default '<NoValue>'
[17-12-2023 14:50:52] DEBUG environ 4461045248 - get 'DATABASE_PORT' casted as 'None' with default '<NoValue>'
[17-12-2023 14:50:52] DEBUG environ 4461045248 - get 'SECRET_KEY' casted as 'None' with default '<NoValue>'
[17-12-2023 14:50:52] DEBUG environ 4461045248 - get 'CELERY_BROKER_URL' casted as 'None' with default '<NoValue>'
[17-12-2023 14:52:43] DEBUG environ 4531672576 - get 'SECRET_KEY' casted as 'None' with default '<NoValue>'
[17-12-2023 14:52:43] DEBUG environ 4531672576 - get 'DATABASE_NAME' casted as 'None' with default '<NoValue>'
[17-12-2023 14:52:43] DEBUG environ 4531672576 - get 'DATABASE_USER' casted as 'None' with default '<NoValue>'
[17-12-2023 14:52:43] DEBUG environ 4531672576 - get 'DATABASE_PASSWORD' casted as 'None' with default '<NoValue>'
[17-12-2023 14:52:43] DEBUG environ 4531672576 - get 'DATABASE_HOST' casted as 'None' with default '<NoValue>'
[17-12-2023 14:52:43] DEBUG environ 4531672576 - get 'DATABASE_PORT' casted as 'None' with default '<NoValue>'
[17-12-2023 14:52:43] DEBUG environ 4531672576 - get 'SECRET_KEY' casted as 'None' with default '<NoValue>'
[17-12-2023 14:52:43] DEBUG environ 4531672576 - get 'CELERY_BROKER_URL' casted as 'None' with default '<NoValue>'
[17-12-2023 14:52:59] DEBUG environ 4706719232 - get 'SECRET_KEY' casted as 'None' with default '<NoValue>'
[17-12-2023 14:52:59] DEBUG environ 4706719232 - get 'DATABASE_NAME' casted as 'None' with default '<NoValue>'
[17-12-2023 14:52:59] DEBUG environ 4706719232 - get 'DATABASE_USER' casted as 'None' with default '<NoValue>'
[17-12-2023 14:52:59] DEBUG environ 4706719232 - get 'DATABASE_PASSWORD' casted as 'None' with default '<NoValue>'
[17-12-2023 14:52:59] DEBUG environ 4706719232 - get 'DATABASE_HOST' casted as 'None' with default '<NoValue>'
[17-12-2023 14:52:59] DEBUG environ 4706719232 - get 'DATABASE_PORT' casted as 'None' with default '<NoValue>'
[17-12-2023 14:52:59] DEBUG environ 4706719232 - get 'SECRET_KEY' casted as 'None' with default '<NoValue>'
[17-12-2023 14:52:59] DEBUG environ 4706719232 - get 'CELERY_BROKER_URL' casted as 'None' with default '<NoValue>'
[17-12-2023 14:53:09] DEBUG environ 4707317248 - get 'SECRET_KEY' casted as 'None' with default '<NoValue>'
[17-12-2023 14:53:09] DEBUG environ 4707317248 - get 'DATABASE_NAME' casted as 'None' with default '<NoValue>'
[17-12-2023 14:53:09] DEBUG environ 4707317248 - get 'DATABASE_USER' casted as 'None' with default '<NoValue>'
[17-12-2023 14:53:09] DEBUG environ 4707317248 - get 'DATABASE_PASSWORD' casted as 'None' with default '<NoValue>'
[17-12-2023 14:53:09] DEBUG environ 4707317248 - get 'DATABASE_HOST' casted as 'None' with default '<NoValue>'
[17-12-2023 14:53:09] DEBUG environ 4707317248 - get 'DATABASE_PORT' casted as 'None' with default '<NoValue>'
[17-12-2023 14:53:09] DEBUG environ 4707317248 - get 'SECRET_KEY' casted as 'None' with default '<NoValue>'
[17-12-2023 14:53:09] DEBUG environ 4707317248 - get 'CELERY_BROKER_URL' casted as 'None' with default '<NoValue>'
[17-12-2023 14:54:57] DEBUG environ 4674733568 - get 'SECRET_KEY' casted as 'None' with default '<NoValue>'
[17-12-2023 14:54:57] DEBUG environ 4674733568 - get 'SECRET_KEY' casted as 'None' with default '<NoValue>'
[17-12-2023 14:54:57] DEBUG environ 4674733568 - get 'CELERY_BROKER_URL' casted as 'None' with default '<NoValue>'
[17-12-2023 14:55:02] DEBUG environ 4545181184 - get 'SECRET_KEY' casted as 'None' with default '<NoValue>'
[17-12-2023 14:55:02] DEBUG environ 4545181184 - get 'SECRET_KEY' casted as 'None' with default '<NoValue>'
[17-12-2023 14:55:02] DEBUG environ 4545181184 - get 'CELERY_BROKER_URL' casted as 'None' with default '<NoValue>'
[17-12-2023 14:55:26] DEBUG environ 4384638464 - get 'SECRET_KEY' casted as 'None' with default '<NoValue>'
[17-12-2023 14:55:26] DEBUG environ 4384638464 - get 'SECRET_KEY' casted as 'None' with default '<NoValue>'
[17-12-2023 14:55:26] DEBUG environ 4384638464 - get 'CELERY_BROKER_URL' casted as 'None' with default '<NoValue>'
[17-12-2023 14:55:27] DEBUG environ 4740838912 - get 'SECRET_KEY' casted as 'None' with default '<NoValue>'
[17-12-2023 14:55:27] DEBUG environ 4740838912 - get 'SECRET_KEY' casted as 'None' with default '<NoValue>'
[17-12-2023 14:55:27] DEBUG environ 4740838912 - get 'CELERY_BROKER_URL' casted as 'None' with default '<NoValue>'
